<?xml version="1.0" encoding="UTF-8"?>
<!-- Generated by org.testng.reporters.JUnitReportReporter -->
<testsuite hostname="DESKTOP-QP8S8NS" failures="0" tests="1" name="homepage.jiomart" time="106.707" errors="0" timestamp="2022-02-01T11:53:23 IST" skipped="0">
  <testcase classname="homepage.jiomart" name="home" time="106.707"/>
  <system-out/>
</testsuite> <!-- homepage.jiomart -->
