<?xml version="1.0" encoding="UTF-8"?>
<!-- Generated by org.testng.reporters.JUnitReportReporter -->
<testsuite hostname="DESKTOP-QP8S8NS" failures="0" tests="1" name="homepage.HomeElements" time="56.963" errors="0" timestamp="2021-12-25T00:08:23 IST" skipped="0">
  <testcase classname="homepage.HomeElements" name="home" time="56.963"/>
  <system-out/>
</testsuite> <!-- homepage.HomeElements -->
